[debug] [2025-01-02T12:40:49.541Z] ----------------------------------------------------------------------
[debug] [2025-01-02T12:40:49.542Z] Command:       /usr/local/bin/firebase /Users/brainxtechnologies/.cache/firebase/tools/lib/node_modules/firebase-tools/lib/bin/firebase apps:list ios --json --project=my-happy-workplace
[debug] [2025-01-02T12:40:49.543Z] CLI Version:   13.29.0
[debug] [2025-01-02T12:40:49.543Z] Platform:      darwin
[debug] [2025-01-02T12:40:49.543Z] Node Version:  v18.5.0
[debug] [2025-01-02T12:40:49.545Z] Time:          Thu Jan 02 2025 17:40:49 GMT+0500 (Pakistan Standard Time)
[debug] [2025-01-02T12:40:49.546Z] ----------------------------------------------------------------------
[debug] 
[debug] [2025-01-02T12:40:49.555Z] > command requires scopes: ["email","openid","https://www.googleapis.com/auth/cloudplatformprojects.readonly","https://www.googleapis.com/auth/firebase","https://www.googleapis.com/auth/cloud-platform"]
[debug] [2025-01-02T12:40:49.556Z] > authorizing via signed-in user (myhappyworkplaceapp@gmail.com)
[debug] [2025-01-02T12:40:49.560Z] Checked if tokens are valid: true, expires at: 1735824887761
[debug] [2025-01-02T12:40:49.561Z] Checked if tokens are valid: true, expires at: 1735824887761
[debug] [2025-01-02T12:40:49.562Z] >>> [apiv2][query] GET https://firebase.googleapis.com/v1beta1/projects/my-happy-workplace/iosApps pageSize=100
[debug] [2025-01-02T12:41:19.572Z] *** [apiv2] error from fetch(https://firebase.googleapis.com/v1beta1/projects/my-happy-workplace/iosApps?pageSize=100, {"headers":{},"method":"GET","signal":{}}): AbortError: The user aborted a request.
[debug] [2025-01-02T12:41:19.581Z] Timeout reached making request to https://firebase.googleapis.com/v1beta1/projects/my-happy-workplace/iosApps?pageSize=100
[debug] [2025-01-02T12:41:20.885Z] FirebaseError: Timeout reached making request to https://firebase.googleapis.com/v1beta1/projects/my-happy-workplace/iosApps?pageSize=100
    at RetryOperation._fn (/Users/brainxtechnologies/.cache/firebase/tools/lib/node_modules/firebase-tools/lib/apiv2.js:257:35)
    at process.processTicksAndRejections (node:internal/process/task_queues:95:5)
[error] 
[error] Error: Failed to list Firebase IOS apps. See firebase-debug.log for more info.
